<?xml version="1.0" encoding="UTF-8"?>
<testng-results skipped="0" failed="0" total="1" passed="1">
  <reporter-output>
  </reporter-output>
  <suite name="Default suite" duration-ms="26" started-at="2020-07-06T09:53:58Z" finished-at="2020-07-06T09:53:58Z">
    <groups>
    </groups>
    <test name="Default test" duration-ms="26" started-at="2020-07-06T09:53:58Z" finished-at="2020-07-06T09:53:58Z">
      <class name="example.NewTest">
        <test-method status="PASS" signature="beforeTest()[pri:0, instance:example.NewTest@262b2c86]" name="beforeTest" is-config="true" duration-ms="6" started-at="2020-07-06T15:23:58Z" finished-at="2020-07-06T15:23:58Z">
          <reporter-output>
          </reporter-output>
        </test-method> <!-- beforeTest -->
        <test-method status="PASS" signature="f()[pri:0, instance:example.NewTest@262b2c86]" name="f" duration-ms="6" started-at="2020-07-06T15:23:58Z" finished-at="2020-07-06T15:23:58Z">
          <reporter-output>
          </reporter-output>
        </test-method> <!-- f -->
        <test-method status="PASS" signature="afterTest()[pri:0, instance:example.NewTest@262b2c86]" name="afterTest" is-config="true" duration-ms="1" started-at="2020-07-06T15:23:58Z" finished-at="2020-07-06T15:23:58Z">
          <reporter-output>
          </reporter-output>
        </test-method> <!-- afterTest -->
      </class> <!-- example.NewTest -->
    </test> <!-- Default test -->
  </suite> <!-- Default suite -->
</testng-results>
